0 verbose cli [ '/usr/bin/node', '/usr/bin/npm', 'run', 'p2c_core' ]
1 info using npm@7.5.2
2 info using node@v12.22.12
3 timing config:load:defaults Completed in 2ms
4 timing config:load:file:/usr/share/nodejs/npm/npmrc Completed in 3ms
5 timing config:load:builtin Completed in 3ms
6 timing config:load:cli Completed in 2ms
7 timing config:load:env Completed in 0ms
8 timing config:load:project Completed in 1ms
9 timing config:load:file:/root/.npmrc Completed in 0ms
10 timing config:load:user Completed in 0ms
11 timing config:load:file:/etc/npmrc Completed in 0ms
12 timing config:load:global Completed in 0ms
13 timing config:load:cafile Completed in 1ms
14 timing config:load:validate Completed in 0ms
15 timing config:load:setUserAgent Completed in 1ms
16 timing config:load:setEnvs Completed in 1ms
17 timing config:load Completed in 11ms
18 verbose npm-session 41e1b0a6b83bbec3
19 timing npm:load Completed in 22ms
20 timing command:run-script Completed in 4ms
21 verbose stack Error: missing script: p2c_core
21 verbose stack     at runScript (/usr/share/nodejs/npm/lib/run-script.js:54:11)
22 verbose cwd /root
23 verbose Linux 6.2.16-4-bpo11-pve
24 verbose argv "/usr/bin/node" "/usr/bin/npm" "run" "p2c_core"
25 verbose node v12.22.12
26 verbose npm  v7.5.2
27 error missing script: p2c_core
28 verbose exit 1
