0 verbose cli [ '/usr/bin/node', '/usr/bin/npm', 'core' ]
1 info using npm@7.5.2
2 info using node@v12.22.12
3 timing config:load:defaults Completed in 1ms
4 timing config:load:file:/usr/share/nodejs/npm/npmrc Completed in 2ms
5 timing config:load:builtin Completed in 3ms
6 timing config:load:cli Completed in 2ms
7 timing config:load:env Completed in 0ms
8 timing config:load:project Completed in 1ms
9 timing config:load:file:/root/.npmrc Completed in 0ms
10 timing config:load:user Completed in 1ms
11 timing config:load:file:/etc/npmrc Completed in 0ms
12 timing config:load:global Completed in 0ms
13 timing config:load:cafile Completed in 0ms
14 timing config:load:validate Completed in 0ms
15 timing config:load:setUserAgent Completed in 1ms
16 timing config:load:setEnvs Completed in 1ms
17 timing config:load Completed in 10ms
18 verbose npm-session e2af7a607d0c72c4
19 timing npm:load Completed in 22ms
20 verbose stack Error: spawn man ENOENT
20 verbose stack     at Process.ChildProcess._handle.onexit (internal/child_process.js:268:19)
20 verbose stack     at onErrorNT (internal/child_process.js:470:16)
20 verbose stack     at processTicksAndRejections (internal/process/task_queues.js:84:21)
21 verbose cwd /root
22 verbose Linux 6.2.16-4-bpo11-pve
23 verbose argv "/usr/bin/node" "/usr/bin/npm" "core"
24 verbose node v12.22.12
25 verbose npm  v7.5.2
26 error code ENOENT
27 error syscall spawn man
28 error file man
29 error path man
30 error errno ENOENT
31 error enoent spawn man ENOENT
32 error enoent This is related to npm not being able to find a file.
32 error enoent
32 error enoent Check if the file 'man' is present.
33 verbose exit 1
