0 verbose cli [ '/usr/bin/node', '/usr/bin/npm', 'run', 'core' ]
1 info using npm@7.5.2
2 info using node@v12.22.12
3 timing config:load:defaults Completed in 2ms
4 timing config:load:file:/usr/share/nodejs/npm/npmrc Completed in 3ms
5 timing config:load:builtin Completed in 3ms
6 timing config:load:cli Completed in 2ms
7 timing config:load:env Completed in 0ms
8 timing config:load:project Completed in 1ms
9 timing config:load:file:/root/.npmrc Completed in 0ms
10 timing config:load:user Completed in 1ms
11 timing config:load:file:/etc/npmrc Completed in 0ms
12 timing config:load:global Completed in 0ms
13 timing config:load:cafile Completed in 0ms
14 timing config:load:validate Completed in 0ms
15 timing config:load:setUserAgent Completed in 1ms
16 timing config:load:setEnvs Completed in 1ms
17 timing config:load Completed in 11ms
18 verbose npm-session 0843a9fbc47c149c
19 timing npm:load Completed in 23ms
20 timing command:run-script Completed in 182ms
21 verbose stack Error: command failed
21 verbose stack     at ChildProcess.<anonymous> (/usr/share/nodejs/@npmcli/promise-spawn/index.js:64:27)
21 verbose stack     at ChildProcess.emit (events.js:314:20)
21 verbose stack     at maybeClose (internal/child_process.js:1022:16)
21 verbose stack     at Process.ChildProcess._handle.onexit (internal/child_process.js:287:5)
22 verbose pkgid p2c_core@1.0.0
23 verbose cwd /root
24 verbose Linux 6.2.16-4-bpo11-pve
25 verbose argv "/usr/bin/node" "/usr/bin/npm" "run" "core"
26 verbose node v12.22.12
27 verbose npm  v7.5.2
28 error code 1
29 error path /root
30 error command failed
31 error command sh -c node index.js
32 verbose exit 1
